2018-06-14 14:57:17.982 [main] INFO  com.avie.ltd.Application -Starting Application on dqq-PC with PID 7484 (D:\2018\June\AetsAppRandom\BlobDemo\target\classes started by dqq in D:\2018\June\AetsAppRandom\BlobDemo)
2018-06-14 14:57:17.992 [main] INFO  com.avie.ltd.Application -No active profile set, falling back to default profiles: default
2018-06-14 14:57:18.064 [main] INFO  o.s.b.c.e.AnnotationConfigEmbeddedWebApplicationContext -Refreshing org.springframework.boot.context.embedded.AnnotationConfigEmbeddedWebApplicationContext@63798ca7: startup date [Thu Jun 14 14:57:18 CST 2018]; root of context hierarchy
2018-06-14 14:57:19.363 [main] WARN  o.m.s.mapper.ClassPathMapperScanner -No MyBatis mapper was found in '[com.avie.ltd.dao]' package. Please check your configuration.
2018-06-14 14:57:19.455 [main] WARN  o.m.s.mapper.ClassPathMapperScanner -No MyBatis mapper was found in '[com.avie.ltd]' package. Please check your configuration.
2018-06-14 14:57:19.508 [main] INFO  o.s.d.r.c.RepositoryConfigurationDelegate -Multiple Spring Data modules found, entering strict repository configuration mode!
2018-06-14 14:57:20.019 [main] INFO  o.s.c.s.PostProcessorRegistrationDelegate$BeanPostProcessorChecker -Bean 'org.springframework.transaction.annotation.ProxyTransactionManagementConfiguration' of type [class org.springframework.transaction.annotation.ProxyTransactionManagementConfiguration$$EnhancerBySpringCGLIB$$af301238] is not eligible for getting processed by all BeanPostProcessors (for example: not eligible for auto-proxying)
2018-06-14 14:57:20.747 [main] INFO  o.s.b.c.e.t.TomcatEmbeddedServletContainer -Tomcat initialized with port(s): 9002 (http)
2018-06-14 14:57:20.758 [main] INFO  o.a.catalina.core.StandardService -Starting service Tomcat
2018-06-14 14:57:20.759 [main] INFO  o.a.catalina.core.StandardEngine -Starting Servlet Engine: Apache Tomcat/8.5.5
2018-06-14 14:57:20.870 [localhost-startStop-1] INFO  o.a.c.c.C.[Tomcat].[localhost].[/] -Initializing Spring embedded WebApplicationContext
2018-06-14 14:57:20.870 [localhost-startStop-1] INFO  o.s.web.context.ContextLoader -Root WebApplicationContext: initialization completed in 2806 ms
2018-06-14 14:57:21.063 [localhost-startStop-1] INFO  o.s.b.w.s.ServletRegistrationBean -Mapping servlet: 'dispatcherServlet' to [/]
2018-06-14 14:57:21.067 [localhost-startStop-1] INFO  o.s.b.w.s.FilterRegistrationBean -Mapping filter: 'characterEncodingFilter' to: [/*]
2018-06-14 14:57:21.067 [localhost-startStop-1] INFO  o.s.b.w.s.FilterRegistrationBean -Mapping filter: 'hiddenHttpMethodFilter' to: [/*]
2018-06-14 14:57:21.068 [localhost-startStop-1] INFO  o.s.b.w.s.FilterRegistrationBean -Mapping filter: 'httpPutFormContentFilter' to: [/*]
2018-06-14 14:57:21.068 [localhost-startStop-1] INFO  o.s.b.w.s.FilterRegistrationBean -Mapping filter: 'requestContextFilter' to: [/*]
2018-06-14 14:57:21.117 [main] INFO  com.avie.ltd.Application -=================初始化数据字典到缓存中===================
2018-06-14 14:57:22.111 [main] INFO  o.s.w.s.m.m.a.RequestMappingHandlerMapping -Mapped "{[/blob/getStream]}" onto public void com.avie.ltd.controller.BlobController.getMp3or4(javax.servlet.http.HttpServletRequest)
2018-06-14 14:57:22.112 [main] INFO  o.s.w.s.m.m.a.RequestMappingHandlerMapping -Mapped "{[/v2/api-docs],methods=[GET]}" onto public org.springframework.http.ResponseEntity<springfox.documentation.spring.web.json.Json> springfox.documentation.swagger2.web.Swagger2Controller.getDocumentation(java.lang.String)
2018-06-14 14:57:22.114 [main] INFO  o.s.w.s.m.m.a.RequestMappingHandlerMapping -Mapped "{[/configuration/ui]}" onto org.springframework.http.ResponseEntity<springfox.documentation.swagger.web.UiConfiguration> springfox.documentation.swagger.web.ApiResourceController.uiConfiguration()
2018-06-14 14:57:22.114 [main] INFO  o.s.w.s.m.m.a.RequestMappingHandlerMapping -Mapped "{[/swagger-resources]}" onto org.springframework.http.ResponseEntity<java.util.List<springfox.documentation.swagger.web.SwaggerResource>> springfox.documentation.swagger.web.ApiResourceController.swaggerResources()
2018-06-14 14:57:22.115 [main] INFO  o.s.w.s.m.m.a.RequestMappingHandlerMapping -Mapped "{[/configuration/security]}" onto org.springframework.http.ResponseEntity<springfox.documentation.swagger.web.SecurityConfiguration> springfox.documentation.swagger.web.ApiResourceController.securityConfiguration()
2018-06-14 14:57:22.117 [main] INFO  o.s.w.s.m.m.a.RequestMappingHandlerMapping -Mapped "{[/error]}" onto public org.springframework.http.ResponseEntity<java.util.Map<java.lang.String, java.lang.Object>> org.springframework.boot.autoconfigure.web.BasicErrorController.error(javax.servlet.http.HttpServletRequest)
2018-06-14 14:57:22.117 [main] INFO  o.s.w.s.m.m.a.RequestMappingHandlerMapping -Mapped "{[/error],produces=[text/html]}" onto public org.springframework.web.servlet.ModelAndView org.springframework.boot.autoconfigure.web.BasicErrorController.errorHtml(javax.servlet.http.HttpServletRequest,javax.servlet.http.HttpServletResponse)
2018-06-14 14:57:22.540 [main] INFO  o.s.w.s.m.m.a.RequestMappingHandlerAdapter -Looking for @ControllerAdvice: org.springframework.boot.context.embedded.AnnotationConfigEmbeddedWebApplicationContext@63798ca7: startup date [Thu Jun 14 14:57:18 CST 2018]; root of context hierarchy
2018-06-14 14:57:22.609 [main] INFO  o.s.w.s.h.SimpleUrlHandlerMapping -Mapped URL path [/webjars/**] onto handler of type [class org.springframework.web.servlet.resource.ResourceHttpRequestHandler]
2018-06-14 14:57:22.609 [main] INFO  o.s.w.s.h.SimpleUrlHandlerMapping -Mapped URL path [/**] onto handler of type [class org.springframework.web.servlet.resource.ResourceHttpRequestHandler]
2018-06-14 14:57:22.653 [main] INFO  o.s.w.s.h.SimpleUrlHandlerMapping -Mapped URL path [/**/favicon.ico] onto handler of type [class org.springframework.web.servlet.resource.ResourceHttpRequestHandler]
2018-06-14 14:57:23.227 [main] INFO  o.s.u.f.SpringTemplateLoader -SpringTemplateLoader for FreeMarker: using resource loader [org.springframework.boot.context.embedded.AnnotationConfigEmbeddedWebApplicationContext@63798ca7: startup date [Thu Jun 14 14:57:18 CST 2018]; root of context hierarchy] and template loader path [classpath:/templates/]
2018-06-14 14:57:23.229 [main] INFO  o.s.w.s.v.f.FreeMarkerConfigurer -ClassTemplateLoader for Spring macros added to FreeMarker configuration
2018-06-14 14:57:23.252 [main] WARN  o.s.b.a.f.FreeMarkerAutoConfiguration -Cannot find template location(s): [classpath:/templates/] (please add some templates, check your FreeMarker configuration, or set spring.freemarker.checkTemplateLocation=false)
2018-06-14 14:57:23.571 [main] INFO  o.s.j.e.a.AnnotationMBeanExporter -Registering beans for JMX exposure on startup
2018-06-14 14:57:23.582 [main] INFO  s.d.s.w.p.DocumentationPluginsBootstrapper -Context refreshed
2018-06-14 14:57:23.604 [main] INFO  s.d.s.w.p.DocumentationPluginsBootstrapper -Found {0} custom documentation plugin(s)
2018-06-14 14:57:23.612 [main] INFO  s.d.s.w.s.ApiListingReferenceScanner -Scanning for api listing references
2018-06-14 14:57:23.616 [main] INFO  s.d.s.w.ClassOrApiAnnotationResourceGrouping -Group for method getMp3or4 was blob-controller
2018-06-14 14:57:23.619 [main] INFO  s.d.s.w.s.ApiListingReferenceScanner -Request mapping: getMp3or4 belongs to groups: [[ResourceGroup{groupName='blob-controller', position=0, controller=com.avie.ltd.controller.BlobController}]] 
2018-06-14 14:57:23.620 [main] INFO  s.d.s.w.ClassOrApiAnnotationResourceGrouping -Group for method error was basic-error-controller
2018-06-14 14:57:23.620 [main] INFO  s.d.s.w.s.ApiListingReferenceScanner -Request mapping: error belongs to groups: [[ResourceGroup{groupName='basic-error-controller', position=0, controller=org.springframework.boot.autoconfigure.web.BasicErrorController}]] 
2018-06-14 14:57:23.621 [main] INFO  s.d.s.w.ClassOrApiAnnotationResourceGrouping -Group for method errorHtml was basic-error-controller
2018-06-14 14:57:23.621 [main] INFO  s.d.s.w.s.ApiListingReferenceScanner -Request mapping: errorHtml belongs to groups: [[ResourceGroup{groupName='basic-error-controller', position=0, controller=org.springframework.boot.autoconfigure.web.BasicErrorController}]] 
2018-06-14 14:57:23.624 [main] INFO  s.d.s.w.s.ApiListingReferenceScanner -Created resource listing Path: /default/basic-error-controller Description: basic-error-controller Position: 0
2018-06-14 14:57:23.625 [main] INFO  s.d.s.w.s.ApiListingReferenceScanner -Created resource listing Path: /default/blob-controller Description: blob-controller Position: 0
2018-06-14 14:57:23.641 [main] INFO  s.d.schema.ModelContextKeyGenerator -Cache Key Generated: java.util.Map<java.lang.String,java.lang.Object>(true)
2018-06-14 14:57:23.641 [main] INFO  s.d.spring.web.caching.CachingAspect -Caching aspect applied for cache models with key java.util.Map<java.lang.String,java.lang.Object>(true)
2018-06-14 14:57:23.648 [main] INFO  s.d.schema.ModelContextKeyGenerator -Cache Key Generated: java.util.Map<java.lang.String,java.lang.Object>(true)
2018-06-14 14:57:23.648 [main] INFO  s.d.spring.web.caching.CachingAspect -Caching aspect applied for cache modelDependencies with key java.util.Map<java.lang.String,java.lang.Object>(true)
2018-06-14 14:57:23.653 [main] INFO  s.d.s.web.OperationsKeyGenerator -Cache key generated: /error.org.springframework.boot.autoconfigure.web.BasicErrorController.error.DefaultGenericTypeNamingStrategy
2018-06-14 14:57:23.654 [main] INFO  s.d.spring.web.caching.CachingAspect -Caching aspect applied for cache operations with key /error.org.springframework.boot.autoconfigure.web.BasicErrorController.error.DefaultGenericTypeNamingStrategy
2018-06-14 14:57:23.664 [main] INFO  s.d.s.w.ClassOrApiAnnotationResourceGrouping -Group for method error was basic-error-controller
2018-06-14 14:57:23.667 [main] INFO  s.d.s.w.ClassOrApiAnnotationResourceGrouping -Group for method error was basic-error-controller
2018-06-14 14:57:23.670 [main] INFO  s.d.s.w.ClassOrApiAnnotationResourceGrouping -Group for method error was basic-error-controller
2018-06-14 14:57:23.672 [main] INFO  s.d.s.w.ClassOrApiAnnotationResourceGrouping -Group for method error was basic-error-controller
2018-06-14 14:57:23.673 [main] INFO  s.d.s.w.ClassOrApiAnnotationResourceGrouping -Group for method error was basic-error-controller
2018-06-14 14:57:23.674 [main] INFO  s.d.s.w.ClassOrApiAnnotationResourceGrouping -Group for method error was basic-error-controller
2018-06-14 14:57:23.675 [main] INFO  s.d.s.w.ClassOrApiAnnotationResourceGrouping -Group for method error was basic-error-controller
2018-06-14 14:57:23.677 [main] INFO  s.d.s.w.ClassOrApiAnnotationResourceGrouping -Group for method error was basic-error-controller
2018-06-14 14:57:23.678 [main] INFO  s.d.s.w.ClassOrApiAnnotationResourceGrouping -Group for method error was basic-error-controller
2018-06-14 14:57:23.679 [main] INFO  s.d.s.w.ClassOrApiAnnotationResourceGrouping -Group for method error was basic-error-controller
2018-06-14 14:57:23.680 [main] INFO  s.d.s.w.ClassOrApiAnnotationResourceGrouping -Group for method error was basic-error-controller
2018-06-14 14:57:23.681 [main] INFO  s.d.s.w.ClassOrApiAnnotationResourceGrouping -Group for method error was basic-error-controller
2018-06-14 14:57:23.682 [main] INFO  s.d.s.w.ClassOrApiAnnotationResourceGrouping -Group for method error was basic-error-controller
2018-06-14 14:57:23.683 [main] INFO  s.d.s.w.ClassOrApiAnnotationResourceGrouping -Group for method error was basic-error-controller
2018-06-14 14:57:23.685 [main] INFO  s.d.s.w.ClassOrApiAnnotationResourceGrouping -Group for method error was basic-error-controller
2018-06-14 14:57:23.686 [main] INFO  s.d.s.w.ClassOrApiAnnotationResourceGrouping -Group for method error was basic-error-controller
2018-06-14 14:57:23.690 [main] INFO  s.d.schema.ModelContextKeyGenerator -Cache Key Generated: org.springframework.web.servlet.ModelAndView(true)
2018-06-14 14:57:23.690 [main] INFO  s.d.spring.web.caching.CachingAspect -Caching aspect applied for cache models with key org.springframework.web.servlet.ModelAndView(true)
2018-06-14 14:57:23.691 [main] INFO  s.d.s.p.ModelPropertiesKeyGenerator -Cache key generated: org.springframework.web.servlet.ModelAndView(true)
2018-06-14 14:57:23.691 [main] INFO  s.d.spring.web.caching.CachingAspect -Caching aspect applied for cache modelProperties with key org.springframework.web.servlet.ModelAndView(true)
2018-06-14 14:57:23.718 [main] INFO  s.d.schema.ModelContextKeyGenerator -Cache Key Generated: org.springframework.web.servlet.ModelAndView(true)
2018-06-14 14:57:23.718 [main] INFO  s.d.spring.web.caching.CachingAspect -Caching aspect applied for cache modelDependencies with key org.springframework.web.servlet.ModelAndView(true)
2018-06-14 14:57:23.718 [main] INFO  s.d.s.p.ModelPropertiesKeyGenerator -Cache key generated: org.springframework.web.servlet.ModelAndView(true)
2018-06-14 14:57:23.718 [main] INFO  s.d.spring.web.caching.CachingAspect -Caching aspect applied for cache modelProperties with key org.springframework.web.servlet.ModelAndView(true)
2018-06-14 14:57:23.719 [main] INFO  s.d.s.p.ModelPropertiesKeyGenerator -Cache key generated: org.springframework.web.servlet.View(true)
2018-06-14 14:57:23.719 [main] INFO  s.d.spring.web.caching.CachingAspect -Caching aspect applied for cache modelProperties with key org.springframework.web.servlet.View(true)
2018-06-14 14:57:23.721 [main] INFO  s.d.s.p.ModelPropertiesKeyGenerator -Cache key generated: org.springframework.web.servlet.View(true)
2018-06-14 14:57:23.721 [main] INFO  s.d.spring.web.caching.CachingAspect -Caching aspect applied for cache modelProperties with key org.springframework.web.servlet.View(true)
2018-06-14 14:57:23.721 [main] INFO  s.d.s.web.OperationsKeyGenerator -Cache key generated: /error.org.springframework.boot.autoconfigure.web.BasicErrorController.errorHtml.DefaultGenericTypeNamingStrategy
2018-06-14 14:57:23.721 [main] INFO  s.d.spring.web.caching.CachingAspect -Caching aspect applied for cache operations with key /error.org.springframework.boot.autoconfigure.web.BasicErrorController.errorHtml.DefaultGenericTypeNamingStrategy
2018-06-14 14:57:23.722 [main] INFO  s.d.s.w.ClassOrApiAnnotationResourceGrouping -Group for method errorHtml was basic-error-controller
2018-06-14 14:57:23.723 [main] INFO  s.d.s.w.ClassOrApiAnnotationResourceGrouping -Group for method errorHtml was basic-error-controller
2018-06-14 14:57:23.724 [main] INFO  s.d.s.w.ClassOrApiAnnotationResourceGrouping -Group for method errorHtml was basic-error-controller
2018-06-14 14:57:23.725 [main] INFO  s.d.s.w.ClassOrApiAnnotationResourceGrouping -Group for method errorHtml was basic-error-controller
2018-06-14 14:57:23.726 [main] INFO  s.d.s.w.ClassOrApiAnnotationResourceGrouping -Group for method errorHtml was basic-error-controller
2018-06-14 14:57:23.727 [main] INFO  s.d.s.w.ClassOrApiAnnotationResourceGrouping -Group for method errorHtml was basic-error-controller
2018-06-14 14:57:23.728 [main] INFO  s.d.s.w.ClassOrApiAnnotationResourceGrouping -Group for method errorHtml was basic-error-controller
2018-06-14 14:57:23.729 [main] INFO  s.d.s.w.ClassOrApiAnnotationResourceGrouping -Group for method errorHtml was basic-error-controller
2018-06-14 14:57:23.730 [main] INFO  s.d.s.w.ClassOrApiAnnotationResourceGrouping -Group for method errorHtml was basic-error-controller
2018-06-14 14:57:23.732 [main] INFO  s.d.s.w.ClassOrApiAnnotationResourceGrouping -Group for method errorHtml was basic-error-controller
2018-06-14 14:57:23.733 [main] INFO  s.d.s.w.ClassOrApiAnnotationResourceGrouping -Group for method errorHtml was basic-error-controller
2018-06-14 14:57:23.734 [main] INFO  s.d.s.w.ClassOrApiAnnotationResourceGrouping -Group for method errorHtml was basic-error-controller
2018-06-14 14:57:23.734 [main] INFO  s.d.s.w.ClassOrApiAnnotationResourceGrouping -Group for method errorHtml was basic-error-controller
2018-06-14 14:57:23.735 [main] INFO  s.d.s.w.ClassOrApiAnnotationResourceGrouping -Group for method errorHtml was basic-error-controller
2018-06-14 14:57:23.736 [main] INFO  s.d.s.w.ClassOrApiAnnotationResourceGrouping -Group for method errorHtml was basic-error-controller
2018-06-14 14:57:23.737 [main] INFO  s.d.s.w.ClassOrApiAnnotationResourceGrouping -Group for method errorHtml was basic-error-controller
2018-06-14 14:57:23.750 [main] INFO  s.d.schema.ModelContextKeyGenerator -Cache Key Generated: java.lang.Void(true)
2018-06-14 14:57:23.751 [main] INFO  s.d.spring.web.caching.CachingAspect -Caching aspect applied for cache models with key java.lang.Void(true)
2018-06-14 14:57:23.751 [main] INFO  s.d.schema.ModelContextKeyGenerator -Cache Key Generated: java.lang.Void(true)
2018-06-14 14:57:23.751 [main] INFO  s.d.spring.web.caching.CachingAspect -Caching aspect applied for cache modelDependencies with key java.lang.Void(true)
2018-06-14 14:57:23.751 [main] INFO  s.d.s.web.OperationsKeyGenerator -Cache key generated: /blob/getStream.com.avie.ltd.controller.BlobController.getMp3or4.DefaultGenericTypeNamingStrategy
2018-06-14 14:57:23.751 [main] INFO  s.d.spring.web.caching.CachingAspect -Caching aspect applied for cache operations with key /blob/getStream.com.avie.ltd.controller.BlobController.getMp3or4.DefaultGenericTypeNamingStrategy
2018-06-14 14:57:23.751 [main] INFO  s.d.s.w.ClassOrApiAnnotationResourceGrouping -Group for method getMp3or4 was blob-controller
2018-06-14 14:57:23.752 [main] INFO  s.d.s.w.ClassOrApiAnnotationResourceGrouping -Group for method getMp3or4 was blob-controller
2018-06-14 14:57:23.752 [main] INFO  s.d.s.w.ClassOrApiAnnotationResourceGrouping -Group for method getMp3or4 was blob-controller
2018-06-14 14:57:23.753 [main] INFO  s.d.s.w.ClassOrApiAnnotationResourceGrouping -Group for method getMp3or4 was blob-controller
2018-06-14 14:57:23.753 [main] INFO  s.d.s.w.ClassOrApiAnnotationResourceGrouping -Group for method getMp3or4 was blob-controller
2018-06-14 14:57:23.753 [main] INFO  s.d.s.w.ClassOrApiAnnotationResourceGrouping -Group for method getMp3or4 was blob-controller
2018-06-14 14:57:23.754 [main] INFO  s.d.s.w.ClassOrApiAnnotationResourceGrouping -Group for method getMp3or4 was blob-controller
2018-06-14 14:57:23.754 [main] INFO  s.d.s.w.ClassOrApiAnnotationResourceGrouping -Group for method getMp3or4 was blob-controller
2018-06-14 14:57:23.754 [main] INFO  s.d.s.w.ClassOrApiAnnotationResourceGrouping -Group for method getMp3or4 was blob-controller
2018-06-14 14:57:23.755 [main] INFO  s.d.s.w.ClassOrApiAnnotationResourceGrouping -Group for method getMp3or4 was blob-controller
2018-06-14 14:57:23.755 [main] INFO  s.d.s.w.ClassOrApiAnnotationResourceGrouping -Group for method getMp3or4 was blob-controller
2018-06-14 14:57:23.755 [main] INFO  s.d.s.w.ClassOrApiAnnotationResourceGrouping -Group for method getMp3or4 was blob-controller
2018-06-14 14:57:23.756 [main] INFO  s.d.s.w.ClassOrApiAnnotationResourceGrouping -Group for method getMp3or4 was blob-controller
2018-06-14 14:57:23.756 [main] INFO  s.d.s.w.ClassOrApiAnnotationResourceGrouping -Group for method getMp3or4 was blob-controller
2018-06-14 14:57:23.756 [main] INFO  s.d.s.w.ClassOrApiAnnotationResourceGrouping -Group for method getMp3or4 was blob-controller
2018-06-14 14:57:23.757 [main] INFO  s.d.s.w.ClassOrApiAnnotationResourceGrouping -Group for method getMp3or4 was blob-controller
2018-06-14 14:57:24.191 [main] INFO  o.s.b.c.e.t.TomcatEmbeddedServletContainer -Tomcat started on port(s): 9002 (http)
2018-06-14 14:57:24.197 [main] INFO  com.avie.ltd.Application -Started Application in 7.415 seconds (JVM running for 9.08)
2018-06-14 15:00:41.146 [main] INFO  com.avie.ltd.Application -Starting Application on dqq-PC with PID 6452 (D:\2018\June\AetsAppRandom\BlobDemo\target\classes started by dqq in D:\2018\June\AetsAppRandom\BlobDemo)
2018-06-14 15:00:41.150 [main] INFO  com.avie.ltd.Application -No active profile set, falling back to default profiles: default
2018-06-14 15:00:41.298 [main] INFO  o.s.b.c.e.AnnotationConfigEmbeddedWebApplicationContext -Refreshing org.springframework.boot.context.embedded.AnnotationConfigEmbeddedWebApplicationContext@63798ca7: startup date [Thu Jun 14 15:00:41 CST 2018]; root of context hierarchy
2018-06-14 15:00:42.438 [main] WARN  o.m.s.mapper.ClassPathMapperScanner -No MyBatis mapper was found in '[com.avie.ltd.dao]' package. Please check your configuration.
2018-06-14 15:00:42.514 [main] WARN  o.m.s.mapper.ClassPathMapperScanner -No MyBatis mapper was found in '[com.avie.ltd]' package. Please check your configuration.
2018-06-14 15:00:42.565 [main] INFO  o.s.d.r.c.RepositoryConfigurationDelegate -Multiple Spring Data modules found, entering strict repository configuration mode!
2018-06-14 15:00:43.043 [main] INFO  o.s.c.s.PostProcessorRegistrationDelegate$BeanPostProcessorChecker -Bean 'org.springframework.transaction.annotation.ProxyTransactionManagementConfiguration' of type [class org.springframework.transaction.annotation.ProxyTransactionManagementConfiguration$$EnhancerBySpringCGLIB$$b662b7f0] is not eligible for getting processed by all BeanPostProcessors (for example: not eligible for auto-proxying)
2018-06-14 15:00:43.877 [main] INFO  o.s.b.c.e.t.TomcatEmbeddedServletContainer -Tomcat initialized with port(s): 9006 (http)
2018-06-14 15:00:43.891 [main] INFO  o.a.catalina.core.StandardService -Starting service Tomcat
2018-06-14 15:00:43.892 [main] INFO  o.a.catalina.core.StandardEngine -Starting Servlet Engine: Apache Tomcat/8.5.5
2018-06-14 15:00:44.363 [localhost-startStop-1] INFO  o.a.c.c.C.[Tomcat].[localhost].[/] -Initializing Spring embedded WebApplicationContext
2018-06-14 15:00:44.363 [localhost-startStop-1] INFO  o.s.web.context.ContextLoader -Root WebApplicationContext: initialization completed in 3065 ms
2018-06-14 15:00:44.565 [localhost-startStop-1] INFO  o.s.b.w.s.ServletRegistrationBean -Mapping servlet: 'dispatcherServlet' to [/]
2018-06-14 15:00:44.570 [localhost-startStop-1] INFO  o.s.b.w.s.FilterRegistrationBean -Mapping filter: 'characterEncodingFilter' to: [/*]
2018-06-14 15:00:44.570 [localhost-startStop-1] INFO  o.s.b.w.s.FilterRegistrationBean -Mapping filter: 'hiddenHttpMethodFilter' to: [/*]
2018-06-14 15:00:44.570 [localhost-startStop-1] INFO  o.s.b.w.s.FilterRegistrationBean -Mapping filter: 'httpPutFormContentFilter' to: [/*]
2018-06-14 15:00:44.571 [localhost-startStop-1] INFO  o.s.b.w.s.FilterRegistrationBean -Mapping filter: 'requestContextFilter' to: [/*]
2018-06-14 15:00:44.613 [main] INFO  com.avie.ltd.Application -=================初始化数据字典到缓存中===================
2018-06-14 15:00:45.426 [main] INFO  o.s.w.s.m.m.a.RequestMappingHandlerMapping -Mapped "{[/blob/getStream]}" onto public void com.avie.ltd.controller.BlobController.getMp3or4(javax.servlet.http.HttpServletRequest)
2018-06-14 15:00:45.427 [main] INFO  o.s.w.s.m.m.a.RequestMappingHandlerMapping -Mapped "{[/v2/api-docs],methods=[GET]}" onto public org.springframework.http.ResponseEntity<springfox.documentation.spring.web.json.Json> springfox.documentation.swagger2.web.Swagger2Controller.getDocumentation(java.lang.String)
2018-06-14 15:00:45.429 [main] INFO  o.s.w.s.m.m.a.RequestMappingHandlerMapping -Mapped "{[/configuration/ui]}" onto org.springframework.http.ResponseEntity<springfox.documentation.swagger.web.UiConfiguration> springfox.documentation.swagger.web.ApiResourceController.uiConfiguration()
2018-06-14 15:00:45.430 [main] INFO  o.s.w.s.m.m.a.RequestMappingHandlerMapping -Mapped "{[/swagger-resources]}" onto org.springframework.http.ResponseEntity<java.util.List<springfox.documentation.swagger.web.SwaggerResource>> springfox.documentation.swagger.web.ApiResourceController.swaggerResources()
2018-06-14 15:00:45.431 [main] INFO  o.s.w.s.m.m.a.RequestMappingHandlerMapping -Mapped "{[/configuration/security]}" onto org.springframework.http.ResponseEntity<springfox.documentation.swagger.web.SecurityConfiguration> springfox.documentation.swagger.web.ApiResourceController.securityConfiguration()
2018-06-14 15:00:45.432 [main] INFO  o.s.w.s.m.m.a.RequestMappingHandlerMapping -Mapped "{[/error]}" onto public org.springframework.http.ResponseEntity<java.util.Map<java.lang.String, java.lang.Object>> org.springframework.boot.autoconfigure.web.BasicErrorController.error(javax.servlet.http.HttpServletRequest)
2018-06-14 15:00:45.433 [main] INFO  o.s.w.s.m.m.a.RequestMappingHandlerMapping -Mapped "{[/error],produces=[text/html]}" onto public org.springframework.web.servlet.ModelAndView org.springframework.boot.autoconfigure.web.BasicErrorController.errorHtml(javax.servlet.http.HttpServletRequest,javax.servlet.http.HttpServletResponse)
2018-06-14 15:00:45.704 [main] INFO  o.s.w.s.m.m.a.RequestMappingHandlerAdapter -Looking for @ControllerAdvice: org.springframework.boot.context.embedded.AnnotationConfigEmbeddedWebApplicationContext@63798ca7: startup date [Thu Jun 14 15:00:41 CST 2018]; root of context hierarchy
2018-06-14 15:00:45.763 [main] INFO  o.s.w.s.h.SimpleUrlHandlerMapping -Mapped URL path [/webjars/**] onto handler of type [class org.springframework.web.servlet.resource.ResourceHttpRequestHandler]
2018-06-14 15:00:45.763 [main] INFO  o.s.w.s.h.SimpleUrlHandlerMapping -Mapped URL path [/**] onto handler of type [class org.springframework.web.servlet.resource.ResourceHttpRequestHandler]
2018-06-14 15:00:45.807 [main] INFO  o.s.w.s.h.SimpleUrlHandlerMapping -Mapped URL path [/**/favicon.ico] onto handler of type [class org.springframework.web.servlet.resource.ResourceHttpRequestHandler]
2018-06-14 15:00:46.322 [main] INFO  o.s.u.f.SpringTemplateLoader -SpringTemplateLoader for FreeMarker: using resource loader [org.springframework.boot.context.embedded.AnnotationConfigEmbeddedWebApplicationContext@63798ca7: startup date [Thu Jun 14 15:00:41 CST 2018]; root of context hierarchy] and template loader path [classpath:/templates/]
2018-06-14 15:00:46.323 [main] INFO  o.s.w.s.v.f.FreeMarkerConfigurer -ClassTemplateLoader for Spring macros added to FreeMarker configuration
2018-06-14 15:00:46.344 [main] WARN  o.s.b.a.f.FreeMarkerAutoConfiguration -Cannot find template location(s): [classpath:/templates/] (please add some templates, check your FreeMarker configuration, or set spring.freemarker.checkTemplateLocation=false)
2018-06-14 15:00:46.640 [main] INFO  o.s.j.e.a.AnnotationMBeanExporter -Registering beans for JMX exposure on startup
2018-06-14 15:00:46.652 [main] INFO  s.d.s.w.p.DocumentationPluginsBootstrapper -Context refreshed
2018-06-14 15:00:46.672 [main] INFO  s.d.s.w.p.DocumentationPluginsBootstrapper -Found {0} custom documentation plugin(s)
2018-06-14 15:00:46.681 [main] INFO  s.d.s.w.s.ApiListingReferenceScanner -Scanning for api listing references
2018-06-14 15:00:46.686 [main] INFO  s.d.s.w.ClassOrApiAnnotationResourceGrouping -Group for method getMp3or4 was blob-controller
2018-06-14 15:00:46.688 [main] INFO  s.d.s.w.s.ApiListingReferenceScanner -Request mapping: getMp3or4 belongs to groups: [[ResourceGroup{groupName='blob-controller', position=0, controller=com.avie.ltd.controller.BlobController}]] 
2018-06-14 15:00:46.689 [main] INFO  s.d.s.w.ClassOrApiAnnotationResourceGrouping -Group for method error was basic-error-controller
2018-06-14 15:00:46.689 [main] INFO  s.d.s.w.s.ApiListingReferenceScanner -Request mapping: error belongs to groups: [[ResourceGroup{groupName='basic-error-controller', position=0, controller=org.springframework.boot.autoconfigure.web.BasicErrorController}]] 
2018-06-14 15:00:46.689 [main] INFO  s.d.s.w.ClassOrApiAnnotationResourceGrouping -Group for method errorHtml was basic-error-controller
2018-06-14 15:00:46.690 [main] INFO  s.d.s.w.s.ApiListingReferenceScanner -Request mapping: errorHtml belongs to groups: [[ResourceGroup{groupName='basic-error-controller', position=0, controller=org.springframework.boot.autoconfigure.web.BasicErrorController}]] 
2018-06-14 15:00:46.693 [main] INFO  s.d.s.w.s.ApiListingReferenceScanner -Created resource listing Path: /default/blob-controller Description: blob-controller Position: 0
2018-06-14 15:00:46.694 [main] INFO  s.d.s.w.s.ApiListingReferenceScanner -Created resource listing Path: /default/basic-error-controller Description: basic-error-controller Position: 0
2018-06-14 15:00:46.709 [main] INFO  s.d.schema.ModelContextKeyGenerator -Cache Key Generated: java.util.Map<java.lang.String,java.lang.Object>(true)
2018-06-14 15:00:46.709 [main] INFO  s.d.spring.web.caching.CachingAspect -Caching aspect applied for cache models with key java.util.Map<java.lang.String,java.lang.Object>(true)
2018-06-14 15:00:46.716 [main] INFO  s.d.schema.ModelContextKeyGenerator -Cache Key Generated: java.util.Map<java.lang.String,java.lang.Object>(true)
2018-06-14 15:00:46.716 [main] INFO  s.d.spring.web.caching.CachingAspect -Caching aspect applied for cache modelDependencies with key java.util.Map<java.lang.String,java.lang.Object>(true)
2018-06-14 15:00:46.721 [main] INFO  s.d.s.web.OperationsKeyGenerator -Cache key generated: /error.org.springframework.boot.autoconfigure.web.BasicErrorController.error.DefaultGenericTypeNamingStrategy
2018-06-14 15:00:46.721 [main] INFO  s.d.spring.web.caching.CachingAspect -Caching aspect applied for cache operations with key /error.org.springframework.boot.autoconfigure.web.BasicErrorController.error.DefaultGenericTypeNamingStrategy
2018-06-14 15:00:46.731 [main] INFO  s.d.s.w.ClassOrApiAnnotationResourceGrouping -Group for method error was basic-error-controller
2018-06-14 15:00:46.735 [main] INFO  s.d.s.w.ClassOrApiAnnotationResourceGrouping -Group for method error was basic-error-controller
2018-06-14 15:00:46.739 [main] INFO  s.d.s.w.ClassOrApiAnnotationResourceGrouping -Group for method error was basic-error-controller
2018-06-14 15:00:46.741 [main] INFO  s.d.s.w.ClassOrApiAnnotationResourceGrouping -Group for method error was basic-error-controller
2018-06-14 15:00:46.742 [main] INFO  s.d.s.w.ClassOrApiAnnotationResourceGrouping -Group for method error was basic-error-controller
2018-06-14 15:00:46.744 [main] INFO  s.d.s.w.ClassOrApiAnnotationResourceGrouping -Group for method error was basic-error-controller
2018-06-14 15:00:46.747 [main] INFO  s.d.s.w.ClassOrApiAnnotationResourceGrouping -Group for method error was basic-error-controller
2018-06-14 15:00:46.748 [main] INFO  s.d.s.w.ClassOrApiAnnotationResourceGrouping -Group for method error was basic-error-controller
2018-06-14 15:00:46.750 [main] INFO  s.d.s.w.ClassOrApiAnnotationResourceGrouping -Group for method error was basic-error-controller
2018-06-14 15:00:46.753 [main] INFO  s.d.s.w.ClassOrApiAnnotationResourceGrouping -Group for method error was basic-error-controller
2018-06-14 15:00:46.755 [main] INFO  s.d.s.w.ClassOrApiAnnotationResourceGrouping -Group for method error was basic-error-controller
2018-06-14 15:00:46.756 [main] INFO  s.d.s.w.ClassOrApiAnnotationResourceGrouping -Group for method error was basic-error-controller
2018-06-14 15:00:46.757 [main] INFO  s.d.s.w.ClassOrApiAnnotationResourceGrouping -Group for method error was basic-error-controller
2018-06-14 15:00:46.759 [main] INFO  s.d.s.w.ClassOrApiAnnotationResourceGrouping -Group for method error was basic-error-controller
2018-06-14 15:00:46.760 [main] INFO  s.d.s.w.ClassOrApiAnnotationResourceGrouping -Group for method error was basic-error-controller
2018-06-14 15:00:46.761 [main] INFO  s.d.s.w.ClassOrApiAnnotationResourceGrouping -Group for method error was basic-error-controller
2018-06-14 15:00:46.765 [main] INFO  s.d.schema.ModelContextKeyGenerator -Cache Key Generated: org.springframework.web.servlet.ModelAndView(true)
2018-06-14 15:00:46.766 [main] INFO  s.d.spring.web.caching.CachingAspect -Caching aspect applied for cache models with key org.springframework.web.servlet.ModelAndView(true)
2018-06-14 15:00:46.767 [main] INFO  s.d.s.p.ModelPropertiesKeyGenerator -Cache key generated: org.springframework.web.servlet.ModelAndView(true)
2018-06-14 15:00:46.767 [main] INFO  s.d.spring.web.caching.CachingAspect -Caching aspect applied for cache modelProperties with key org.springframework.web.servlet.ModelAndView(true)
2018-06-14 15:00:46.793 [main] INFO  s.d.schema.ModelContextKeyGenerator -Cache Key Generated: org.springframework.web.servlet.ModelAndView(true)
2018-06-14 15:00:46.793 [main] INFO  s.d.spring.web.caching.CachingAspect -Caching aspect applied for cache modelDependencies with key org.springframework.web.servlet.ModelAndView(true)
2018-06-14 15:00:46.794 [main] INFO  s.d.s.p.ModelPropertiesKeyGenerator -Cache key generated: org.springframework.web.servlet.ModelAndView(true)
2018-06-14 15:00:46.794 [main] INFO  s.d.spring.web.caching.CachingAspect -Caching aspect applied for cache modelProperties with key org.springframework.web.servlet.ModelAndView(true)
2018-06-14 15:00:46.795 [main] INFO  s.d.s.p.ModelPropertiesKeyGenerator -Cache key generated: org.springframework.web.servlet.View(true)
2018-06-14 15:00:46.795 [main] INFO  s.d.spring.web.caching.CachingAspect -Caching aspect applied for cache modelProperties with key org.springframework.web.servlet.View(true)
2018-06-14 15:00:46.796 [main] INFO  s.d.s.p.ModelPropertiesKeyGenerator -Cache key generated: org.springframework.web.servlet.View(true)
2018-06-14 15:00:46.796 [main] INFO  s.d.spring.web.caching.CachingAspect -Caching aspect applied for cache modelProperties with key org.springframework.web.servlet.View(true)
2018-06-14 15:00:46.797 [main] INFO  s.d.s.web.OperationsKeyGenerator -Cache key generated: /error.org.springframework.boot.autoconfigure.web.BasicErrorController.errorHtml.DefaultGenericTypeNamingStrategy
2018-06-14 15:00:46.797 [main] INFO  s.d.spring.web.caching.CachingAspect -Caching aspect applied for cache operations with key /error.org.springframework.boot.autoconfigure.web.BasicErrorController.errorHtml.DefaultGenericTypeNamingStrategy
2018-06-14 15:00:46.798 [main] INFO  s.d.s.w.ClassOrApiAnnotationResourceGrouping -Group for method errorHtml was basic-error-controller
2018-06-14 15:00:46.799 [main] INFO  s.d.s.w.ClassOrApiAnnotationResourceGrouping -Group for method errorHtml was basic-error-controller
2018-06-14 15:00:46.799 [main] INFO  s.d.s.w.ClassOrApiAnnotationResourceGrouping -Group for method errorHtml was basic-error-controller
2018-06-14 15:00:46.800 [main] INFO  s.d.s.w.ClassOrApiAnnotationResourceGrouping -Group for method errorHtml was basic-error-controller
2018-06-14 15:00:46.801 [main] INFO  s.d.s.w.ClassOrApiAnnotationResourceGrouping -Group for method errorHtml was basic-error-controller
2018-06-14 15:00:46.802 [main] INFO  s.d.s.w.ClassOrApiAnnotationResourceGrouping -Group for method errorHtml was basic-error-controller
2018-06-14 15:00:46.803 [main] INFO  s.d.s.w.ClassOrApiAnnotationResourceGrouping -Group for method errorHtml was basic-error-controller
2018-06-14 15:00:46.804 [main] INFO  s.d.s.w.ClassOrApiAnnotationResourceGrouping -Group for method errorHtml was basic-error-controller
2018-06-14 15:00:46.805 [main] INFO  s.d.s.w.ClassOrApiAnnotationResourceGrouping -Group for method errorHtml was basic-error-controller
2018-06-14 15:00:46.806 [main] INFO  s.d.s.w.ClassOrApiAnnotationResourceGrouping -Group for method errorHtml was basic-error-controller
2018-06-14 15:00:46.807 [main] INFO  s.d.s.w.ClassOrApiAnnotationResourceGrouping -Group for method errorHtml was basic-error-controller
2018-06-14 15:00:46.808 [main] INFO  s.d.s.w.ClassOrApiAnnotationResourceGrouping -Group for method errorHtml was basic-error-controller
2018-06-14 15:00:46.809 [main] INFO  s.d.s.w.ClassOrApiAnnotationResourceGrouping -Group for method errorHtml was basic-error-controller
2018-06-14 15:00:46.810 [main] INFO  s.d.s.w.ClassOrApiAnnotationResourceGrouping -Group for method errorHtml was basic-error-controller
2018-06-14 15:00:46.811 [main] INFO  s.d.s.w.ClassOrApiAnnotationResourceGrouping -Group for method errorHtml was basic-error-controller
2018-06-14 15:00:46.812 [main] INFO  s.d.s.w.ClassOrApiAnnotationResourceGrouping -Group for method errorHtml was basic-error-controller
2018-06-14 15:00:46.825 [main] INFO  s.d.schema.ModelContextKeyGenerator -Cache Key Generated: java.lang.Void(true)
2018-06-14 15:00:46.825 [main] INFO  s.d.spring.web.caching.CachingAspect -Caching aspect applied for cache models with key java.lang.Void(true)
2018-06-14 15:00:46.825 [main] INFO  s.d.schema.ModelContextKeyGenerator -Cache Key Generated: java.lang.Void(true)
2018-06-14 15:00:46.825 [main] INFO  s.d.spring.web.caching.CachingAspect -Caching aspect applied for cache modelDependencies with key java.lang.Void(true)
2018-06-14 15:00:46.825 [main] INFO  s.d.s.web.OperationsKeyGenerator -Cache key generated: /blob/getStream.com.avie.ltd.controller.BlobController.getMp3or4.DefaultGenericTypeNamingStrategy
2018-06-14 15:00:46.825 [main] INFO  s.d.spring.web.caching.CachingAspect -Caching aspect applied for cache operations with key /blob/getStream.com.avie.ltd.controller.BlobController.getMp3or4.DefaultGenericTypeNamingStrategy
2018-06-14 15:00:46.826 [main] INFO  s.d.s.w.ClassOrApiAnnotationResourceGrouping -Group for method getMp3or4 was blob-controller
2018-06-14 15:00:46.826 [main] INFO  s.d.s.w.ClassOrApiAnnotationResourceGrouping -Group for method getMp3or4 was blob-controller
2018-06-14 15:00:46.827 [main] INFO  s.d.s.w.ClassOrApiAnnotationResourceGrouping -Group for method getMp3or4 was blob-controller
2018-06-14 15:00:46.827 [main] INFO  s.d.s.w.ClassOrApiAnnotationResourceGrouping -Group for method getMp3or4 was blob-controller
2018-06-14 15:00:46.827 [main] INFO  s.d.s.w.ClassOrApiAnnotationResourceGrouping -Group for method getMp3or4 was blob-controller
2018-06-14 15:00:46.828 [main] INFO  s.d.s.w.ClassOrApiAnnotationResourceGrouping -Group for method getMp3or4 was blob-controller
2018-06-14 15:00:46.828 [main] INFO  s.d.s.w.ClassOrApiAnnotationResourceGrouping -Group for method getMp3or4 was blob-controller
2018-06-14 15:00:46.828 [main] INFO  s.d.s.w.ClassOrApiAnnotationResourceGrouping -Group for method getMp3or4 was blob-controller
2018-06-14 15:00:46.829 [main] INFO  s.d.s.w.ClassOrApiAnnotationResourceGrouping -Group for method getMp3or4 was blob-controller
2018-06-14 15:00:46.829 [main] INFO  s.d.s.w.ClassOrApiAnnotationResourceGrouping -Group for method getMp3or4 was blob-controller
2018-06-14 15:00:46.829 [main] INFO  s.d.s.w.ClassOrApiAnnotationResourceGrouping -Group for method getMp3or4 was blob-controller
2018-06-14 15:00:46.830 [main] INFO  s.d.s.w.ClassOrApiAnnotationResourceGrouping -Group for method getMp3or4 was blob-controller
2018-06-14 15:00:46.830 [main] INFO  s.d.s.w.ClassOrApiAnnotationResourceGrouping -Group for method getMp3or4 was blob-controller
2018-06-14 15:00:46.830 [main] INFO  s.d.s.w.ClassOrApiAnnotationResourceGrouping -Group for method getMp3or4 was blob-controller
2018-06-14 15:00:46.831 [main] INFO  s.d.s.w.ClassOrApiAnnotationResourceGrouping -Group for method getMp3or4 was blob-controller
2018-06-14 15:00:46.831 [main] INFO  s.d.s.w.ClassOrApiAnnotationResourceGrouping -Group for method getMp3or4 was blob-controller
2018-06-14 15:00:46.897 [main] INFO  o.s.b.c.e.t.TomcatEmbeddedServletContainer -Tomcat started on port(s): 9006 (http)
2018-06-14 15:00:46.903 [main] INFO  com.avie.ltd.Application -Started Application in 6.139 seconds (JVM running for 6.785)
2018-06-14 15:01:55.220 [http-nio-9006-exec-1] INFO  o.a.c.c.C.[Tomcat].[localhost].[/] -Initializing Spring FrameworkServlet 'dispatcherServlet'
2018-06-14 15:01:55.220 [http-nio-9006-exec-1] INFO  o.s.web.servlet.DispatcherServlet -FrameworkServlet 'dispatcherServlet': initialization started
2018-06-14 15:01:55.258 [http-nio-9006-exec-1] INFO  o.s.web.servlet.DispatcherServlet -FrameworkServlet 'dispatcherServlet': initialization completed in 38 ms
2018-06-14 15:06:19.085 [http-nio-9006-exec-4] ERROR o.a.c.c.C.[.[.[.[dispatcherServlet] -Servlet.service() for servlet [dispatcherServlet] in context with path [] threw exception [Handler dispatch failed; nested exception is java.lang.Error: Unresolved compilation problems: 
	BufferedInputStream cannot be resolved to a type
	BufferedInputStream cannot be resolved to a type
	FileInputStream cannot be resolved to a type
	The method getResponse() is undefined for the type BlobController
	The method getResponse() is undefined for the type BlobController
	The method getResponse() is undefined for the type BlobController
	The method getResponse() is undefined for the type BlobController
	The method getResponse() is undefined for the type BlobController
	The method getResponse() is undefined for the type BlobController
	The method getResponse() is undefined for the type BlobController
] with root cause
java.lang.Error: Unresolved compilation problems: 
	BufferedInputStream cannot be resolved to a type
	BufferedInputStream cannot be resolved to a type
	FileInputStream cannot be resolved to a type
	The method getResponse() is undefined for the type BlobController
	The method getResponse() is undefined for the type BlobController
	The method getResponse() is undefined for the type BlobController
	The method getResponse() is undefined for the type BlobController
	The method getResponse() is undefined for the type BlobController
	The method getResponse() is undefined for the type BlobController
	The method getResponse() is undefined for the type BlobController

	at com.avie.ltd.controller.BlobController.getMp3or4(BlobController.java:30)
	at sun.reflect.NativeMethodAccessorImpl.invoke0(Native Method)
	at sun.reflect.NativeMethodAccessorImpl.invoke(NativeMethodAccessorImpl.java:62)
	at sun.reflect.DelegatingMethodAccessorImpl.invoke(DelegatingMethodAccessorImpl.java:43)
	at java.lang.reflect.Method.invoke(Method.java:498)
	at org.springframework.web.method.support.InvocableHandlerMethod.doInvoke(InvocableHandlerMethod.java:221)
	at org.springframework.web.method.support.InvocableHandlerMethod.invokeForRequest(InvocableHandlerMethod.java:136)
	at org.springframework.web.servlet.mvc.method.annotation.ServletInvocableHandlerMethod.invokeAndHandle(ServletInvocableHandlerMethod.java:114)
	at org.springframework.web.servlet.mvc.method.annotation.RequestMappingHandlerAdapter.invokeHandlerMethod(RequestMappingHandlerAdapter.java:827)
	at org.springframework.web.servlet.mvc.method.annotation.RequestMappingHandlerAdapter.handleInternal(RequestMappingHandlerAdapter.java:738)
	at org.springframework.web.servlet.mvc.method.AbstractHandlerMethodAdapter.handle(AbstractHandlerMethodAdapter.java:85)
	at org.springframework.web.servlet.DispatcherServlet.doDispatch(DispatcherServlet.java:963)
	at org.springframework.web.servlet.DispatcherServlet.doService(DispatcherServlet.java:897)
	at org.springframework.web.servlet.FrameworkServlet.processRequest(FrameworkServlet.java:970)
	at org.springframework.web.servlet.FrameworkServlet.doGet(FrameworkServlet.java:861)
	at javax.servlet.http.HttpServlet.service(HttpServlet.java:622)
	at org.springframework.web.servlet.FrameworkServlet.service(FrameworkServlet.java:846)
	at javax.servlet.http.HttpServlet.service(HttpServlet.java:729)
	at org.apache.catalina.core.ApplicationFilterChain.internalDoFilter(ApplicationFilterChain.java:230)
	at org.apache.catalina.core.ApplicationFilterChain.doFilter(ApplicationFilterChain.java:165)
	at org.apache.tomcat.websocket.server.WsFilter.doFilter(WsFilter.java:52)
	at org.apache.catalina.core.ApplicationFilterChain.internalDoFilter(ApplicationFilterChain.java:192)
	at org.apache.catalina.core.ApplicationFilterChain.doFilter(ApplicationFilterChain.java:165)
	at org.springframework.web.filter.RequestContextFilter.doFilterInternal(RequestContextFilter.java:99)
	at org.springframework.web.filter.OncePerRequestFilter.doFilter(OncePerRequestFilter.java:107)
	at org.apache.catalina.core.ApplicationFilterChain.internalDoFilter(ApplicationFilterChain.java:192)
	at org.apache.catalina.core.ApplicationFilterChain.doFilter(ApplicationFilterChain.java:165)
	at org.springframework.web.filter.HttpPutFormContentFilter.doFilterInternal(HttpPutFormContentFilter.java:89)
	at org.springframework.web.filter.OncePerRequestFilter.doFilter(OncePerRequestFilter.java:107)
	at org.apache.catalina.core.ApplicationFilterChain.internalDoFilter(ApplicationFilterChain.java:192)
	at org.apache.catalina.core.ApplicationFilterChain.doFilter(ApplicationFilterChain.java:165)
	at org.springframework.web.filter.HiddenHttpMethodFilter.doFilterInternal(HiddenHttpMethodFilter.java:77)
	at org.springframework.web.filter.OncePerRequestFilter.doFilter(OncePerRequestFilter.java:107)
	at org.apache.catalina.core.ApplicationFilterChain.internalDoFilter(ApplicationFilterChain.java:192)
	at org.apache.catalina.core.ApplicationFilterChain.doFilter(ApplicationFilterChain.java:165)
	at org.springframework.web.filter.CharacterEncodingFilter.doFilterInternal(CharacterEncodingFilter.java:197)
	at org.springframework.web.filter.OncePerRequestFilter.doFilter(OncePerRequestFilter.java:107)
	at org.apache.catalina.core.ApplicationFilterChain.internalDoFilter(ApplicationFilterChain.java:192)
	at org.apache.catalina.core.ApplicationFilterChain.doFilter(ApplicationFilterChain.java:165)
	at org.apache.catalina.core.StandardWrapperValve.invoke(StandardWrapperValve.java:198)
	at org.apache.catalina.core.StandardContextValve.invoke(StandardContextValve.java:108)
	at org.apache.catalina.authenticator.AuthenticatorBase.invoke(AuthenticatorBase.java:472)
	at org.apache.catalina.core.StandardHostValve.invoke(StandardHostValve.java:140)
	at org.apache.catalina.valves.ErrorReportValve.invoke(ErrorReportValve.java:79)
	at org.apache.catalina.core.StandardEngineValve.invoke(StandardEngineValve.java:87)
	at org.apache.catalina.connector.CoyoteAdapter.service(CoyoteAdapter.java:349)
	at org.apache.coyote.http11.Http11Processor.service(Http11Processor.java:784)
	at org.apache.coyote.AbstractProcessorLight.process(AbstractProcessorLight.java:66)
	at org.apache.coyote.AbstractProtocol$ConnectionHandler.process(AbstractProtocol.java:802)
	at org.apache.tomcat.util.net.NioEndpoint$SocketProcessor.doRun(NioEndpoint.java:1410)
	at org.apache.tomcat.util.net.SocketProcessorBase.run(SocketProcessorBase.java:49)
	at java.util.concurrent.ThreadPoolExecutor.runWorker(ThreadPoolExecutor.java:1149)
	at java.util.concurrent.ThreadPoolExecutor$Worker.run(ThreadPoolExecutor.java:624)
	at org.apache.tomcat.util.threads.TaskThread$WrappingRunnable.run(TaskThread.java:61)
	at java.lang.Thread.run(Thread.java:748)
2018-06-14 15:12:22.671 [main] INFO  com.avie.ltd.Application -Starting Application on dqq-PC with PID 7584 (D:\2018\June\AetsAppRandom\BlobDemo\target\classes started by dqq in D:\2018\June\AetsAppRandom\BlobDemo)
2018-06-14 15:12:22.680 [main] INFO  com.avie.ltd.Application -No active profile set, falling back to default profiles: default
2018-06-14 15:12:22.831 [main] INFO  o.s.b.c.e.AnnotationConfigEmbeddedWebApplicationContext -Refreshing org.springframework.boot.context.embedded.AnnotationConfigEmbeddedWebApplicationContext@63798ca7: startup date [Thu Jun 14 15:12:22 CST 2018]; root of context hierarchy
2018-06-14 15:12:24.027 [main] WARN  o.m.s.mapper.ClassPathMapperScanner -No MyBatis mapper was found in '[com.avie.ltd.dao]' package. Please check your configuration.
2018-06-14 15:12:24.101 [main] WARN  o.m.s.mapper.ClassPathMapperScanner -No MyBatis mapper was found in '[com.avie.ltd]' package. Please check your configuration.
2018-06-14 15:12:24.152 [main] INFO  o.s.d.r.c.RepositoryConfigurationDelegate -Multiple Spring Data modules found, entering strict repository configuration mode!
2018-06-14 15:12:24.612 [main] INFO  o.s.c.s.PostProcessorRegistrationDelegate$BeanPostProcessorChecker -Bean 'org.springframework.transaction.annotation.ProxyTransactionManagementConfiguration' of type [class org.springframework.transaction.annotation.ProxyTransactionManagementConfiguration$$EnhancerBySpringCGLIB$$6d33a845] is not eligible for getting processed by all BeanPostProcessors (for example: not eligible for auto-proxying)
2018-06-14 15:12:25.325 [main] INFO  o.s.b.c.e.t.TomcatEmbeddedServletContainer -Tomcat initialized with port(s): 9006 (http)
2018-06-14 15:12:25.336 [main] INFO  o.a.catalina.core.StandardService -Starting service Tomcat
2018-06-14 15:12:25.337 [main] INFO  o.a.catalina.core.StandardEngine -Starting Servlet Engine: Apache Tomcat/8.5.5
2018-06-14 15:12:25.451 [localhost-startStop-1] INFO  o.a.c.c.C.[Tomcat].[localhost].[/] -Initializing Spring embedded WebApplicationContext
2018-06-14 15:12:25.452 [localhost-startStop-1] INFO  o.s.web.context.ContextLoader -Root WebApplicationContext: initialization completed in 2621 ms
2018-06-14 15:12:25.642 [localhost-startStop-1] INFO  o.s.b.w.s.ServletRegistrationBean -Mapping servlet: 'dispatcherServlet' to [/]
2018-06-14 15:12:25.647 [localhost-startStop-1] INFO  o.s.b.w.s.FilterRegistrationBean -Mapping filter: 'characterEncodingFilter' to: [/*]
2018-06-14 15:12:25.648 [localhost-startStop-1] INFO  o.s.b.w.s.FilterRegistrationBean -Mapping filter: 'hiddenHttpMethodFilter' to: [/*]
2018-06-14 15:12:25.648 [localhost-startStop-1] INFO  o.s.b.w.s.FilterRegistrationBean -Mapping filter: 'httpPutFormContentFilter' to: [/*]
2018-06-14 15:12:25.648 [localhost-startStop-1] INFO  o.s.b.w.s.FilterRegistrationBean -Mapping filter: 'requestContextFilter' to: [/*]
2018-06-14 15:12:25.690 [main] INFO  com.avie.ltd.Application -=================初始化数据字典到缓存中===================
2018-06-14 15:12:26.515 [main] INFO  o.s.w.s.m.m.a.RequestMappingHandlerMapping -Mapped "{[/blob/getStream]}" onto public void com.avie.ltd.controller.BlobController.getMp3or4(javax.servlet.http.HttpServletRequest,javax.servlet.http.HttpServletResponse)
2018-06-14 15:12:26.517 [main] INFO  o.s.w.s.m.m.a.RequestMappingHandlerMapping -Mapped "{[/v2/api-docs],methods=[GET]}" onto public org.springframework.http.ResponseEntity<springfox.documentation.spring.web.json.Json> springfox.documentation.swagger2.web.Swagger2Controller.getDocumentation(java.lang.String)
2018-06-14 15:12:26.519 [main] INFO  o.s.w.s.m.m.a.RequestMappingHandlerMapping -Mapped "{[/configuration/security]}" onto org.springframework.http.ResponseEntity<springfox.documentation.swagger.web.SecurityConfiguration> springfox.documentation.swagger.web.ApiResourceController.securityConfiguration()
2018-06-14 15:12:26.520 [main] INFO  o.s.w.s.m.m.a.RequestMappingHandlerMapping -Mapped "{[/configuration/ui]}" onto org.springframework.http.ResponseEntity<springfox.documentation.swagger.web.UiConfiguration> springfox.documentation.swagger.web.ApiResourceController.uiConfiguration()
2018-06-14 15:12:26.520 [main] INFO  o.s.w.s.m.m.a.RequestMappingHandlerMapping -Mapped "{[/swagger-resources]}" onto org.springframework.http.ResponseEntity<java.util.List<springfox.documentation.swagger.web.SwaggerResource>> springfox.documentation.swagger.web.ApiResourceController.swaggerResources()
2018-06-14 15:12:26.522 [main] INFO  o.s.w.s.m.m.a.RequestMappingHandlerMapping -Mapped "{[/error]}" onto public org.springframework.http.ResponseEntity<java.util.Map<java.lang.String, java.lang.Object>> org.springframework.boot.autoconfigure.web.BasicErrorController.error(javax.servlet.http.HttpServletRequest)
2018-06-14 15:12:26.522 [main] INFO  o.s.w.s.m.m.a.RequestMappingHandlerMapping -Mapped "{[/error],produces=[text/html]}" onto public org.springframework.web.servlet.ModelAndView org.springframework.boot.autoconfigure.web.BasicErrorController.errorHtml(javax.servlet.http.HttpServletRequest,javax.servlet.http.HttpServletResponse)
2018-06-14 15:12:26.783 [main] INFO  o.s.w.s.m.m.a.RequestMappingHandlerAdapter -Looking for @ControllerAdvice: org.springframework.boot.context.embedded.AnnotationConfigEmbeddedWebApplicationContext@63798ca7: startup date [Thu Jun 14 15:12:22 CST 2018]; root of context hierarchy
2018-06-14 15:12:26.842 [main] INFO  o.s.w.s.h.SimpleUrlHandlerMapping -Mapped URL path [/webjars/**] onto handler of type [class org.springframework.web.servlet.resource.ResourceHttpRequestHandler]
2018-06-14 15:12:26.842 [main] INFO  o.s.w.s.h.SimpleUrlHandlerMapping -Mapped URL path [/**] onto handler of type [class org.springframework.web.servlet.resource.ResourceHttpRequestHandler]
2018-06-14 15:12:26.885 [main] INFO  o.s.w.s.h.SimpleUrlHandlerMapping -Mapped URL path [/**/favicon.ico] onto handler of type [class org.springframework.web.servlet.resource.ResourceHttpRequestHandler]
2018-06-14 15:12:27.371 [main] INFO  o.s.u.f.SpringTemplateLoader -SpringTemplateLoader for FreeMarker: using resource loader [org.springframework.boot.context.embedded.AnnotationConfigEmbeddedWebApplicationContext@63798ca7: startup date [Thu Jun 14 15:12:22 CST 2018]; root of context hierarchy] and template loader path [classpath:/templates/]
2018-06-14 15:12:27.372 [main] INFO  o.s.w.s.v.f.FreeMarkerConfigurer -ClassTemplateLoader for Spring macros added to FreeMarker configuration
2018-06-14 15:12:27.394 [main] WARN  o.s.b.a.f.FreeMarkerAutoConfiguration -Cannot find template location(s): [classpath:/templates/] (please add some templates, check your FreeMarker configuration, or set spring.freemarker.checkTemplateLocation=false)
2018-06-14 15:12:27.685 [main] INFO  o.s.j.e.a.AnnotationMBeanExporter -Registering beans for JMX exposure on startup
2018-06-14 15:12:27.696 [main] INFO  s.d.s.w.p.DocumentationPluginsBootstrapper -Context refreshed
2018-06-14 15:12:27.718 [main] INFO  s.d.s.w.p.DocumentationPluginsBootstrapper -Found {0} custom documentation plugin(s)
2018-06-14 15:12:27.726 [main] INFO  s.d.s.w.s.ApiListingReferenceScanner -Scanning for api listing references
2018-06-14 15:12:27.730 [main] INFO  s.d.s.w.ClassOrApiAnnotationResourceGrouping -Group for method getMp3or4 was blob-controller
2018-06-14 15:12:27.732 [main] INFO  s.d.s.w.s.ApiListingReferenceScanner -Request mapping: getMp3or4 belongs to groups: [[ResourceGroup{groupName='blob-controller', position=0, controller=com.avie.ltd.controller.BlobController}]] 
2018-06-14 15:12:27.733 [main] INFO  s.d.s.w.ClassOrApiAnnotationResourceGrouping -Group for method error was basic-error-controller
2018-06-14 15:12:27.733 [main] INFO  s.d.s.w.s.ApiListingReferenceScanner -Request mapping: error belongs to groups: [[ResourceGroup{groupName='basic-error-controller', position=0, controller=org.springframework.boot.autoconfigure.web.BasicErrorController}]] 
2018-06-14 15:12:27.734 [main] INFO  s.d.s.w.ClassOrApiAnnotationResourceGrouping -Group for method errorHtml was basic-error-controller
2018-06-14 15:12:27.734 [main] INFO  s.d.s.w.s.ApiListingReferenceScanner -Request mapping: errorHtml belongs to groups: [[ResourceGroup{groupName='basic-error-controller', position=0, controller=org.springframework.boot.autoconfigure.web.BasicErrorController}]] 
2018-06-14 15:12:27.737 [main] INFO  s.d.s.w.s.ApiListingReferenceScanner -Created resource listing Path: /default/blob-controller Description: blob-controller Position: 0
2018-06-14 15:12:27.739 [main] INFO  s.d.s.w.s.ApiListingReferenceScanner -Created resource listing Path: /default/basic-error-controller Description: basic-error-controller Position: 0
2018-06-14 15:12:27.755 [main] INFO  s.d.schema.ModelContextKeyGenerator -Cache Key Generated: java.util.Map<java.lang.String,java.lang.Object>(true)
2018-06-14 15:12:27.755 [main] INFO  s.d.spring.web.caching.CachingAspect -Caching aspect applied for cache models with key java.util.Map<java.lang.String,java.lang.Object>(true)
2018-06-14 15:12:27.762 [main] INFO  s.d.schema.ModelContextKeyGenerator -Cache Key Generated: java.util.Map<java.lang.String,java.lang.Object>(true)
2018-06-14 15:12:27.762 [main] INFO  s.d.spring.web.caching.CachingAspect -Caching aspect applied for cache modelDependencies with key java.util.Map<java.lang.String,java.lang.Object>(true)
2018-06-14 15:12:27.767 [main] INFO  s.d.s.web.OperationsKeyGenerator -Cache key generated: /error.org.springframework.boot.autoconfigure.web.BasicErrorController.error.DefaultGenericTypeNamingStrategy
2018-06-14 15:12:27.767 [main] INFO  s.d.spring.web.caching.CachingAspect -Caching aspect applied for cache operations with key /error.org.springframework.boot.autoconfigure.web.BasicErrorController.error.DefaultGenericTypeNamingStrategy
2018-06-14 15:12:27.778 [main] INFO  s.d.s.w.ClassOrApiAnnotationResourceGrouping -Group for method error was basic-error-controller
2018-06-14 15:12:27.781 [main] INFO  s.d.s.w.ClassOrApiAnnotationResourceGrouping -Group for method error was basic-error-controller
2018-06-14 15:12:27.784 [main] INFO  s.d.s.w.ClassOrApiAnnotationResourceGrouping -Group for method error was basic-error-controller
2018-06-14 15:12:27.785 [main] INFO  s.d.s.w.ClassOrApiAnnotationResourceGrouping -Group for method error was basic-error-controller
2018-06-14 15:12:27.789 [main] INFO  s.d.s.w.ClassOrApiAnnotationResourceGrouping -Group for method error was basic-error-controller
2018-06-14 15:12:27.790 [main] INFO  s.d.s.w.ClassOrApiAnnotationResourceGrouping -Group for method error was basic-error-controller
2018-06-14 15:12:27.791 [main] INFO  s.d.s.w.ClassOrApiAnnotationResourceGrouping -Group for method error was basic-error-controller
2018-06-14 15:12:27.792 [main] INFO  s.d.s.w.ClassOrApiAnnotationResourceGrouping -Group for method error was basic-error-controller
2018-06-14 15:12:27.793 [main] INFO  s.d.s.w.ClassOrApiAnnotationResourceGrouping -Group for method error was basic-error-controller
2018-06-14 15:12:27.794 [main] INFO  s.d.s.w.ClassOrApiAnnotationResourceGrouping -Group for method error was basic-error-controller
2018-06-14 15:12:27.795 [main] INFO  s.d.s.w.ClassOrApiAnnotationResourceGrouping -Group for method error was basic-error-controller
2018-06-14 15:12:27.796 [main] INFO  s.d.s.w.ClassOrApiAnnotationResourceGrouping -Group for method error was basic-error-controller
2018-06-14 15:12:27.797 [main] INFO  s.d.s.w.ClassOrApiAnnotationResourceGrouping -Group for method error was basic-error-controller
2018-06-14 15:12:27.798 [main] INFO  s.d.s.w.ClassOrApiAnnotationResourceGrouping -Group for method error was basic-error-controller
2018-06-14 15:12:27.800 [main] INFO  s.d.s.w.ClassOrApiAnnotationResourceGrouping -Group for method error was basic-error-controller
2018-06-14 15:12:27.802 [main] INFO  s.d.s.w.ClassOrApiAnnotationResourceGrouping -Group for method error was basic-error-controller
2018-06-14 15:12:27.807 [main] INFO  s.d.schema.ModelContextKeyGenerator -Cache Key Generated: org.springframework.web.servlet.ModelAndView(true)
2018-06-14 15:12:27.807 [main] INFO  s.d.spring.web.caching.CachingAspect -Caching aspect applied for cache models with key org.springframework.web.servlet.ModelAndView(true)
2018-06-14 15:12:27.808 [main] INFO  s.d.s.p.ModelPropertiesKeyGenerator -Cache key generated: org.springframework.web.servlet.ModelAndView(true)
2018-06-14 15:12:27.808 [main] INFO  s.d.spring.web.caching.CachingAspect -Caching aspect applied for cache modelProperties with key org.springframework.web.servlet.ModelAndView(true)
2018-06-14 15:12:27.833 [main] INFO  s.d.schema.ModelContextKeyGenerator -Cache Key Generated: org.springframework.web.servlet.ModelAndView(true)
2018-06-14 15:12:27.833 [main] INFO  s.d.spring.web.caching.CachingAspect -Caching aspect applied for cache modelDependencies with key org.springframework.web.servlet.ModelAndView(true)
2018-06-14 15:12:27.834 [main] INFO  s.d.s.p.ModelPropertiesKeyGenerator -Cache key generated: org.springframework.web.servlet.ModelAndView(true)
2018-06-14 15:12:27.834 [main] INFO  s.d.spring.web.caching.CachingAspect -Caching aspect applied for cache modelProperties with key org.springframework.web.servlet.ModelAndView(true)
2018-06-14 15:12:27.835 [main] INFO  s.d.s.p.ModelPropertiesKeyGenerator -Cache key generated: org.springframework.web.servlet.View(true)
2018-06-14 15:12:27.835 [main] INFO  s.d.spring.web.caching.CachingAspect -Caching aspect applied for cache modelProperties with key org.springframework.web.servlet.View(true)
2018-06-14 15:12:27.836 [main] INFO  s.d.s.p.ModelPropertiesKeyGenerator -Cache key generated: org.springframework.web.servlet.View(true)
2018-06-14 15:12:27.837 [main] INFO  s.d.spring.web.caching.CachingAspect -Caching aspect applied for cache modelProperties with key org.springframework.web.servlet.View(true)
2018-06-14 15:12:27.837 [main] INFO  s.d.s.web.OperationsKeyGenerator -Cache key generated: /error.org.springframework.boot.autoconfigure.web.BasicErrorController.errorHtml.DefaultGenericTypeNamingStrategy
2018-06-14 15:12:27.837 [main] INFO  s.d.spring.web.caching.CachingAspect -Caching aspect applied for cache operations with key /error.org.springframework.boot.autoconfigure.web.BasicErrorController.errorHtml.DefaultGenericTypeNamingStrategy
2018-06-14 15:12:27.838 [main] INFO  s.d.s.w.ClassOrApiAnnotationResourceGrouping -Group for method errorHtml was basic-error-controller
2018-06-14 15:12:27.839 [main] INFO  s.d.s.w.ClassOrApiAnnotationResourceGrouping -Group for method errorHtml was basic-error-controller
2018-06-14 15:12:27.840 [main] INFO  s.d.s.w.ClassOrApiAnnotationResourceGrouping -Group for method errorHtml was basic-error-controller
2018-06-14 15:12:27.841 [main] INFO  s.d.s.w.ClassOrApiAnnotationResourceGrouping -Group for method errorHtml was basic-error-controller
2018-06-14 15:12:27.842 [main] INFO  s.d.s.w.ClassOrApiAnnotationResourceGrouping -Group for method errorHtml was basic-error-controller
2018-06-14 15:12:27.843 [main] INFO  s.d.s.w.ClassOrApiAnnotationResourceGrouping -Group for method errorHtml was basic-error-controller
2018-06-14 15:12:27.844 [main] INFO  s.d.s.w.ClassOrApiAnnotationResourceGrouping -Group for method errorHtml was basic-error-controller
2018-06-14 15:12:27.845 [main] INFO  s.d.s.w.ClassOrApiAnnotationResourceGrouping -Group for method errorHtml was basic-error-controller
2018-06-14 15:12:27.846 [main] INFO  s.d.s.w.ClassOrApiAnnotationResourceGrouping -Group for method errorHtml was basic-error-controller
2018-06-14 15:12:27.848 [main] INFO  s.d.s.w.ClassOrApiAnnotationResourceGrouping -Group for method errorHtml was basic-error-controller
2018-06-14 15:12:27.849 [main] INFO  s.d.s.w.ClassOrApiAnnotationResourceGrouping -Group for method errorHtml was basic-error-controller
2018-06-14 15:12:27.850 [main] INFO  s.d.s.w.ClassOrApiAnnotationResourceGrouping -Group for method errorHtml was basic-error-controller
2018-06-14 15:12:27.851 [main] INFO  s.d.s.w.ClassOrApiAnnotationResourceGrouping -Group for method errorHtml was basic-error-controller
2018-06-14 15:12:27.852 [main] INFO  s.d.s.w.ClassOrApiAnnotationResourceGrouping -Group for method errorHtml was basic-error-controller
2018-06-14 15:12:27.853 [main] INFO  s.d.s.w.ClassOrApiAnnotationResourceGrouping -Group for method errorHtml was basic-error-controller
2018-06-14 15:12:27.854 [main] INFO  s.d.s.w.ClassOrApiAnnotationResourceGrouping -Group for method errorHtml was basic-error-controller
2018-06-14 15:12:27.866 [main] INFO  s.d.schema.ModelContextKeyGenerator -Cache Key Generated: java.lang.Void(true)
2018-06-14 15:12:27.867 [main] INFO  s.d.spring.web.caching.CachingAspect -Caching aspect applied for cache models with key java.lang.Void(true)
2018-06-14 15:12:27.867 [main] INFO  s.d.schema.ModelContextKeyGenerator -Cache Key Generated: java.lang.Void(true)
2018-06-14 15:12:27.867 [main] INFO  s.d.spring.web.caching.CachingAspect -Caching aspect applied for cache modelDependencies with key java.lang.Void(true)
2018-06-14 15:12:27.867 [main] INFO  s.d.s.web.OperationsKeyGenerator -Cache key generated: /blob/getStream.com.avie.ltd.controller.BlobController.getMp3or4.DefaultGenericTypeNamingStrategy
2018-06-14 15:12:27.867 [main] INFO  s.d.spring.web.caching.CachingAspect -Caching aspect applied for cache operations with key /blob/getStream.com.avie.ltd.controller.BlobController.getMp3or4.DefaultGenericTypeNamingStrategy
2018-06-14 15:12:27.868 [main] INFO  s.d.s.w.ClassOrApiAnnotationResourceGrouping -Group for method getMp3or4 was blob-controller
2018-06-14 15:12:27.869 [main] INFO  s.d.s.w.ClassOrApiAnnotationResourceGrouping -Group for method getMp3or4 was blob-controller
2018-06-14 15:12:27.870 [main] INFO  s.d.s.w.ClassOrApiAnnotationResourceGrouping -Group for method getMp3or4 was blob-controller
2018-06-14 15:12:27.870 [main] INFO  s.d.s.w.ClassOrApiAnnotationResourceGrouping -Group for method getMp3or4 was blob-controller
2018-06-14 15:12:27.871 [main] INFO  s.d.s.w.ClassOrApiAnnotationResourceGrouping -Group for method getMp3or4 was blob-controller
2018-06-14 15:12:27.871 [main] INFO  s.d.s.w.ClassOrApiAnnotationResourceGrouping -Group for method getMp3or4 was blob-controller
2018-06-14 15:12:27.871 [main] INFO  s.d.s.w.ClassOrApiAnnotationResourceGrouping -Group for method getMp3or4 was blob-controller
2018-06-14 15:12:27.872 [main] INFO  s.d.s.w.ClassOrApiAnnotationResourceGrouping -Group for method getMp3or4 was blob-controller
2018-06-14 15:12:27.872 [main] INFO  s.d.s.w.ClassOrApiAnnotationResourceGrouping -Group for method getMp3or4 was blob-controller
2018-06-14 15:12:27.872 [main] INFO  s.d.s.w.ClassOrApiAnnotationResourceGrouping -Group for method getMp3or4 was blob-controller
2018-06-14 15:12:27.873 [main] INFO  s.d.s.w.ClassOrApiAnnotationResourceGrouping -Group for method getMp3or4 was blob-controller
2018-06-14 15:12:27.873 [main] INFO  s.d.s.w.ClassOrApiAnnotationResourceGrouping -Group for method getMp3or4 was blob-controller
2018-06-14 15:12:27.874 [main] INFO  s.d.s.w.ClassOrApiAnnotationResourceGrouping -Group for method getMp3or4 was blob-controller
2018-06-14 15:12:27.874 [main] INFO  s.d.s.w.ClassOrApiAnnotationResourceGrouping -Group for method getMp3or4 was blob-controller
2018-06-14 15:12:27.874 [main] INFO  s.d.s.w.ClassOrApiAnnotationResourceGrouping -Group for method getMp3or4 was blob-controller
2018-06-14 15:12:27.875 [main] INFO  s.d.s.w.ClassOrApiAnnotationResourceGrouping -Group for method getMp3or4 was blob-controller
2018-06-14 15:12:27.937 [main] INFO  o.s.b.c.e.t.TomcatEmbeddedServletContainer -Tomcat started on port(s): 9006 (http)
2018-06-14 15:12:27.945 [main] INFO  com.avie.ltd.Application -Started Application in 5.677 seconds (JVM running for 6.436)
2018-06-14 15:12:54.971 [http-nio-9006-exec-1] INFO  o.a.c.c.C.[Tomcat].[localhost].[/] -Initializing Spring FrameworkServlet 'dispatcherServlet'
2018-06-14 15:12:54.972 [http-nio-9006-exec-1] INFO  o.s.web.servlet.DispatcherServlet -FrameworkServlet 'dispatcherServlet': initialization started
2018-06-14 15:12:55.003 [http-nio-9006-exec-1] INFO  o.s.web.servlet.DispatcherServlet -FrameworkServlet 'dispatcherServlet': initialization completed in 31 ms
